<?xml version="1.0" encoding="UTF-8"?>
<testsuite xmlns:xsi="http://www.w3.org/2001/XMLSchema-instance" xsi:noNamespaceSchemaLocation="https://maven.apache.org/surefire/maven-surefire-plugin/xsd/surefire-test-report-3.0.xsd" version="3.0" name="com.example.AppTest" time="0.013" tests="1" errors="0" skipped="0" failures="0">
  <properties>
    <property name="java.specification.version" value="21"/>
    <property name="sun.cpu.isalist" value="amd64"/>
    <property name="sun.jnu.encoding" value="Cp1252"/>
    <property name="java.class.path" value="C:\Users\nkopane.molefi\development\projects\saveUser-lambda\target\test-classes;C:\Users\nkopane.molefi\development\projects\saveUser-lambda\target\classes;C:\Users\nkopane.molefi\.m2\repository\junit\junit\3.8.1\junit-3.8.1.jar;C:\Users\nkopane.molefi\.m2\repository\com\amazonaws\aws-lambda-java-core\1.4.0\aws-lambda-java-core-1.4.0.jar;C:\Users\nkopane.molefi\.m2\repository\com\amazonaws\aws-lambda-java-events\3.16.1\aws-lambda-java-events-3.16.1.jar;C:\Users\nkopane.molefi\.m2\repository\joda-time\joda-time\2.10.8\joda-time-2.10.8.jar;C:\Users\nkopane.molefi\.m2\repository\software\amazon\awssdk\dynamodb\2.25.65\dynamodb-2.25.65.jar;C:\Users\nkopane.molefi\.m2\repository\software\amazon\awssdk\aws-json-protocol\2.25.65\aws-json-protocol-2.25.65.jar;C:\Users\nkopane.molefi\.m2\repository\software\amazon\awssdk\third-party-jackson-core\2.25.65\third-party-jackson-core-2.25.65.jar;C:\Users\nkopane.molefi\.m2\repository\software\amazon\awssdk\protocol-core\2.25.65\protocol-core-2.25.65.jar;C:\Users\nkopane.molefi\.m2\repository\software\amazon\awssdk\profiles\2.25.65\profiles-2.25.65.jar;C:\Users\nkopane.molefi\.m2\repository\software\amazon\awssdk\http-auth-aws\2.25.65\http-auth-aws-2.25.65.jar;C:\Users\nkopane.molefi\.m2\repository\software\amazon\awssdk\checksums-spi\2.25.65\checksums-spi-2.25.65.jar;C:\Users\nkopane.molefi\.m2\repository\software\amazon\awssdk\checksums\2.25.65\checksums-2.25.65.jar;C:\Users\nkopane.molefi\.m2\repository\software\amazon\awssdk\sdk-core\2.25.65\sdk-core-2.25.65.jar;C:\Users\nkopane.molefi\.m2\repository\org\slf4j\slf4j-api\1.7.30\slf4j-api-1.7.30.jar;C:\Users\nkopane.molefi\.m2\repository\org\reactivestreams\reactive-streams\1.0.4\reactive-streams-1.0.4.jar;C:\Users\nkopane.molefi\.m2\repository\software\amazon\awssdk\auth\2.25.65\auth-2.25.65.jar;C:\Users\nkopane.molefi\.m2\repository\software\amazon\eventstream\eventstream\1.0.1\eventstream-1.0.1.jar;C:\Users\nkopane.molefi\.m2\repository\software\amazon\awssdk\http-auth-spi\2.25.65\http-auth-spi-2.25.65.jar;C:\Users\nkopane.molefi\.m2\repository\software\amazon\awssdk\http-auth\2.25.65\http-auth-2.25.65.jar;C:\Users\nkopane.molefi\.m2\repository\software\amazon\awssdk\identity-spi\2.25.65\identity-spi-2.25.65.jar;C:\Users\nkopane.molefi\.m2\repository\software\amazon\awssdk\http-client-spi\2.25.65\http-client-spi-2.25.65.jar;C:\Users\nkopane.molefi\.m2\repository\software\amazon\awssdk\regions\2.25.65\regions-2.25.65.jar;C:\Users\nkopane.molefi\.m2\repository\software\amazon\awssdk\annotations\2.25.65\annotations-2.25.65.jar;C:\Users\nkopane.molefi\.m2\repository\software\amazon\awssdk\utils\2.25.65\utils-2.25.65.jar;C:\Users\nkopane.molefi\.m2\repository\software\amazon\awssdk\aws-core\2.25.65\aws-core-2.25.65.jar;C:\Users\nkopane.molefi\.m2\repository\software\amazon\awssdk\metrics-spi\2.25.65\metrics-spi-2.25.65.jar;C:\Users\nkopane.molefi\.m2\repository\software\amazon\awssdk\json-utils\2.25.65\json-utils-2.25.65.jar;C:\Users\nkopane.molefi\.m2\repository\software\amazon\awssdk\endpoints-spi\2.25.65\endpoints-spi-2.25.65.jar;C:\Users\nkopane.molefi\.m2\repository\software\amazon\awssdk\apache-client\2.25.65\apache-client-2.25.65.jar;C:\Users\nkopane.molefi\.m2\repository\org\apache\httpcomponents\httpclient\4.5.13\httpclient-4.5.13.jar;C:\Users\nkopane.molefi\.m2\repository\commons-logging\commons-logging\1.2\commons-logging-1.2.jar;C:\Users\nkopane.molefi\.m2\repository\org\apache\httpcomponents\httpcore\4.4.13\httpcore-4.4.13.jar;C:\Users\nkopane.molefi\.m2\repository\commons-codec\commons-codec\1.15\commons-codec-1.15.jar;C:\Users\nkopane.molefi\.m2\repository\software\amazon\awssdk\netty-nio-client\2.25.65\netty-nio-client-2.25.65.jar;C:\Users\nkopane.molefi\.m2\repository\io\netty\netty-codec-http\4.1.108.Final\netty-codec-http-4.1.108.Final.jar;C:\Users\nkopane.molefi\.m2\repository\io\netty\netty-codec-http2\4.1.108.Final\netty-codec-http2-4.1.108.Final.jar;C:\Users\nkopane.molefi\.m2\repository\io\netty\netty-codec\4.1.108.Final\netty-codec-4.1.108.Final.jar;C:\Users\nkopane.molefi\.m2\repository\io\netty\netty-transport\4.1.108.Final\netty-transport-4.1.108.Final.jar;C:\Users\nkopane.molefi\.m2\repository\io\netty\netty-common\4.1.108.Final\netty-common-4.1.108.Final.jar;C:\Users\nkopane.molefi\.m2\repository\io\netty\netty-buffer\4.1.108.Final\netty-buffer-4.1.108.Final.jar;C:\Users\nkopane.molefi\.m2\repository\io\netty\netty-handler\4.1.108.Final\netty-handler-4.1.108.Final.jar;C:\Users\nkopane.molefi\.m2\repository\io\netty\netty-transport-native-unix-common\4.1.108.Final\netty-transport-native-unix-common-4.1.108.Final.jar;C:\Users\nkopane.molefi\.m2\repository\io\netty\netty-transport-classes-epoll\4.1.108.Final\netty-transport-classes-epoll-4.1.108.Final.jar;C:\Users\nkopane.molefi\.m2\repository\io\netty\netty-resolver\4.1.108.Final\netty-resolver-4.1.108.Final.jar;C:\Users\nkopane.molefi\.m2\repository\software\amazon\awssdk\dynamodb-enhanced\2.25.65\dynamodb-enhanced-2.25.65.jar;"/>
    <property name="java.vm.vendor" value="Oracle Corporation"/>
    <property name="sun.arch.data.model" value="64"/>
    <property name="user.variant" value=""/>
    <property name="java.vendor.url" value="https://java.oracle.com/"/>
    <property name="user.timezone" value="Africa/Johannesburg"/>
    <property name="os.name" value="Windows 11"/>
    <property name="java.vm.specification.version" value="21"/>
    <property name="sun.java.launcher" value="SUN_STANDARD"/>
    <property name="user.country" value="ZA"/>
    <property name="sun.boot.library.path" value="C:\Program Files\Java\jdk-21\bin"/>
    <property name="sun.java.command" value="C:\Users\nkopane.molefi\AppData\Local\Temp\surefire171154544355377358\surefirebooter-20250919104303419_3.jar C:\Users\nkopane.molefi\AppData\Local\Temp\surefire171154544355377358 2025-09-19T10-43-03_340-jvmRun1 surefire-20250919104303419_1tmp surefire_0-20250919104303419_2tmp"/>
    <property name="jdk.debug" value="release"/>
    <property name="surefire.test.class.path" value="C:\Users\nkopane.molefi\development\projects\saveUser-lambda\target\test-classes;C:\Users\nkopane.molefi\development\projects\saveUser-lambda\target\classes;C:\Users\nkopane.molefi\.m2\repository\junit\junit\3.8.1\junit-3.8.1.jar;C:\Users\nkopane.molefi\.m2\repository\com\amazonaws\aws-lambda-java-core\1.4.0\aws-lambda-java-core-1.4.0.jar;C:\Users\nkopane.molefi\.m2\repository\com\amazonaws\aws-lambda-java-events\3.16.1\aws-lambda-java-events-3.16.1.jar;C:\Users\nkopane.molefi\.m2\repository\joda-time\joda-time\2.10.8\joda-time-2.10.8.jar;C:\Users\nkopane.molefi\.m2\repository\software\amazon\awssdk\dynamodb\2.25.65\dynamodb-2.25.65.jar;C:\Users\nkopane.molefi\.m2\repository\software\amazon\awssdk\aws-json-protocol\2.25.65\aws-json-protocol-2.25.65.jar;C:\Users\nkopane.molefi\.m2\repository\software\amazon\awssdk\third-party-jackson-core\2.25.65\third-party-jackson-core-2.25.65.jar;C:\Users\nkopane.molefi\.m2\repository\software\amazon\awssdk\protocol-core\2.25.65\protocol-core-2.25.65.jar;C:\Users\nkopane.molefi\.m2\repository\software\amazon\awssdk\profiles\2.25.65\profiles-2.25.65.jar;C:\Users\nkopane.molefi\.m2\repository\software\amazon\awssdk\http-auth-aws\2.25.65\http-auth-aws-2.25.65.jar;C:\Users\nkopane.molefi\.m2\repository\software\amazon\awssdk\checksums-spi\2.25.65\checksums-spi-2.25.65.jar;C:\Users\nkopane.molefi\.m2\repository\software\amazon\awssdk\checksums\2.25.65\checksums-2.25.65.jar;C:\Users\nkopane.molefi\.m2\repository\software\amazon\awssdk\sdk-core\2.25.65\sdk-core-2.25.65.jar;C:\Users\nkopane.molefi\.m2\repository\org\slf4j\slf4j-api\1.7.30\slf4j-api-1.7.30.jar;C:\Users\nkopane.molefi\.m2\repository\org\reactivestreams\reactive-streams\1.0.4\reactive-streams-1.0.4.jar;C:\Users\nkopane.molefi\.m2\repository\software\amazon\awssdk\auth\2.25.65\auth-2.25.65.jar;C:\Users\nkopane.molefi\.m2\repository\software\amazon\eventstream\eventstream\1.0.1\eventstream-1.0.1.jar;C:\Users\nkopane.molefi\.m2\repository\software\amazon\awssdk\http-auth-spi\2.25.65\http-auth-spi-2.25.65.jar;C:\Users\nkopane.molefi\.m2\repository\software\amazon\awssdk\http-auth\2.25.65\http-auth-2.25.65.jar;C:\Users\nkopane.molefi\.m2\repository\software\amazon\awssdk\identity-spi\2.25.65\identity-spi-2.25.65.jar;C:\Users\nkopane.molefi\.m2\repository\software\amazon\awssdk\http-client-spi\2.25.65\http-client-spi-2.25.65.jar;C:\Users\nkopane.molefi\.m2\repository\software\amazon\awssdk\regions\2.25.65\regions-2.25.65.jar;C:\Users\nkopane.molefi\.m2\repository\software\amazon\awssdk\annotations\2.25.65\annotations-2.25.65.jar;C:\Users\nkopane.molefi\.m2\repository\software\amazon\awssdk\utils\2.25.65\utils-2.25.65.jar;C:\Users\nkopane.molefi\.m2\repository\software\amazon\awssdk\aws-core\2.25.65\aws-core-2.25.65.jar;C:\Users\nkopane.molefi\.m2\repository\software\amazon\awssdk\metrics-spi\2.25.65\metrics-spi-2.25.65.jar;C:\Users\nkopane.molefi\.m2\repository\software\amazon\awssdk\json-utils\2.25.65\json-utils-2.25.65.jar;C:\Users\nkopane.molefi\.m2\repository\software\amazon\awssdk\endpoints-spi\2.25.65\endpoints-spi-2.25.65.jar;C:\Users\nkopane.molefi\.m2\repository\software\amazon\awssdk\apache-client\2.25.65\apache-client-2.25.65.jar;C:\Users\nkopane.molefi\.m2\repository\org\apache\httpcomponents\httpclient\4.5.13\httpclient-4.5.13.jar;C:\Users\nkopane.molefi\.m2\repository\commons-logging\commons-logging\1.2\commons-logging-1.2.jar;C:\Users\nkopane.molefi\.m2\repository\org\apache\httpcomponents\httpcore\4.4.13\httpcore-4.4.13.jar;C:\Users\nkopane.molefi\.m2\repository\commons-codec\commons-codec\1.15\commons-codec-1.15.jar;C:\Users\nkopane.molefi\.m2\repository\software\amazon\awssdk\netty-nio-client\2.25.65\netty-nio-client-2.25.65.jar;C:\Users\nkopane.molefi\.m2\repository\io\netty\netty-codec-http\4.1.108.Final\netty-codec-http-4.1.108.Final.jar;C:\Users\nkopane.molefi\.m2\repository\io\netty\netty-codec-http2\4.1.108.Final\netty-codec-http2-4.1.108.Final.jar;C:\Users\nkopane.molefi\.m2\repository\io\netty\netty-codec\4.1.108.Final\netty-codec-4.1.108.Final.jar;C:\Users\nkopane.molefi\.m2\repository\io\netty\netty-transport\4.1.108.Final\netty-transport-4.1.108.Final.jar;C:\Users\nkopane.molefi\.m2\repository\io\netty\netty-common\4.1.108.Final\netty-common-4.1.108.Final.jar;C:\Users\nkopane.molefi\.m2\repository\io\netty\netty-buffer\4.1.108.Final\netty-buffer-4.1.108.Final.jar;C:\Users\nkopane.molefi\.m2\repository\io\netty\netty-handler\4.1.108.Final\netty-handler-4.1.108.Final.jar;C:\Users\nkopane.molefi\.m2\repository\io\netty\netty-transport-native-unix-common\4.1.108.Final\netty-transport-native-unix-common-4.1.108.Final.jar;C:\Users\nkopane.molefi\.m2\repository\io\netty\netty-transport-classes-epoll\4.1.108.Final\netty-transport-classes-epoll-4.1.108.Final.jar;C:\Users\nkopane.molefi\.m2\repository\io\netty\netty-resolver\4.1.108.Final\netty-resolver-4.1.108.Final.jar;C:\Users\nkopane.molefi\.m2\repository\software\amazon\awssdk\dynamodb-enhanced\2.25.65\dynamodb-enhanced-2.25.65.jar;"/>
    <property name="sun.cpu.endian" value="little"/>
    <property name="user.home" value="C:\Users\nkopane.molefi"/>
    <property name="user.language" value="en"/>
    <property name="java.specification.vendor" value="Oracle Corporation"/>
    <property name="java.version.date" value="2025-07-15"/>
    <property name="java.home" value="C:\Program Files\Java\jdk-21"/>
    <property name="file.separator" value="\"/>
    <property name="basedir" value="C:\Users\nkopane.molefi\development\projects\saveUser-lambda"/>
    <property name="java.vm.compressedOopsMode" value="Zero based"/>
    <property name="line.separator" value="&#10;"/>
    <property name="java.vm.specification.vendor" value="Oracle Corporation"/>
    <property name="java.specification.name" value="Java Platform API Specification"/>
    <property name="surefire.real.class.path" value="C:\Users\nkopane.molefi\AppData\Local\Temp\surefire171154544355377358\surefirebooter-20250919104303419_3.jar"/>
    <property name="user.script" value=""/>
    <property name="sun.management.compiler" value="HotSpot 64-Bit Tiered Compilers"/>
    <property name="java.runtime.version" value="21.0.8+12-LTS-250"/>
    <property name="user.name" value="nkopane.molefi"/>
    <property name="stdout.encoding" value="Cp1252"/>
    <property name="path.separator" value=";"/>
    <property name="os.version" value="10.0"/>
    <property name="java.runtime.name" value="Java(TM) SE Runtime Environment"/>
    <property name="file.encoding" value="UTF-8"/>
    <property name="java.vm.name" value="Java HotSpot(TM) 64-Bit Server VM"/>
    <property name="localRepository" value="C:\Users\nkopane.molefi\.m2\repository"/>
    <property name="java.vendor.url.bug" value="https://bugreport.java.com/bugreport/"/>
    <property name="java.io.tmpdir" value="C:\Users\NKOPAN~1.MOL\AppData\Local\Temp\"/>
    <property name="java.version" value="21.0.8"/>
    <property name="user.dir" value="C:\Users\nkopane.molefi\development\projects\saveUser-lambda"/>
    <property name="os.arch" value="amd64"/>
    <property name="java.vm.specification.name" value="Java Virtual Machine Specification"/>
    <property name="sun.os.patch.level" value=""/>
    <property name="native.encoding" value="Cp1252"/>
    <property name="java.library.path" value="C:\Program Files\Java\jdk-21\bin;C:\Windows\Sun\Java\bin;C:\Windows\system32;C:\Windows;C:\Program Files\Common Files\Oracle\Java\javapath;C:\Windows\system32;C:\Windows;C:\Windows\System32\Wbem;C:\Windows\System32\WindowsPowerShell\v1.0\;C:\Windows\System32\OpenSSH\;C:\Program Files\nodejs\;C:\Program Files\Amazon\AWSCLIV2\;C:\Program Files\Git\cmd;C:\Users\nkopane.molefi\development\tools\apache-maven-3.9.11\bin;;C:\Program Files\Docker\Docker\resources\bin;C:\Users\nkopane.molefi\AppData\Local\Programs\Python\Python313\Scripts\;C:\Users\nkopane.molefi\AppData\Local\Programs\Python\Python313\;C:\Users\nkopane.molefi\AppData\Local\Programs\Python\Launcher\;C:\Users\nkopane.molefi\AppData\Local\Microsoft\WindowsApps;C:\Program Files\JetBrains\IntelliJ IDEA Community Edition 2025.2.1\bin;C:\Users\nkopane.molefi\AppData\Roaming\npm;C:\Users\nkopane.molefi\AppData\Local\Programs\Microsoft VS Code\bin;."/>
    <property name="java.vm.info" value="mixed mode, sharing"/>
    <property name="stderr.encoding" value="Cp1252"/>
    <property name="java.vendor" value="Oracle Corporation"/>
    <property name="java.vm.version" value="21.0.8+12-LTS-250"/>
    <property name="sun.io.unicode.encoding" value="UnicodeLittle"/>
    <property name="java.class.version" value="65.0"/>
  </properties>
  <testcase name="testApp" classname="com.example.AppTest" time="0.002"/>
</testsuite>